<?xml version="1.0" encoding="UTF-8"?>
<!-- Generated by org.testng.reporters.JUnitReportReporter -->
<testsuite hostname="Hemants-MBP.home" failures="0" tests="1" name="sw409.EmployeeAPITest.EmployeeAPITestMain" time="1.175" errors="0" timestamp="2020-11-16T20:48:21 EST" skipped="0">
  <testcase classname="sw409.EmployeeAPITest.EmployeeAPITestMain" name="testUpdate" time="1.175"/>
  <system-out/>
</testsuite> <!-- sw409.EmployeeAPITest.EmployeeAPITestMain -->
